<?xml version="1.0" encoding="UTF-8"?>
<testsuite name="TestSuite" time="6.904" tests="8" errors="0" skipped="0" failures="2">
  <properties>
[...]
</properties>
  <testcase name="kickStart" classname="driverFactroy.AppTest" time="0.002"/>
  <testcase name="verifyLogin" classname="driverFactroy.DataDrivenFramework" time="0.02">
    <failure message=".\TestInput\Logindata.xlsx (The system cannot find the path specified)" type="java.io.FileNotFoundException"><![CDATA[java.io.FileNotFoundException: .\TestInput\Logindata.xlsx (The system cannot find the path specified)
	at java.io.FileInputStream.open0(Native Method)
	at java.io.FileInputStream.open(FileInputStream.java:195)
	at java.io.FileInputStream.<init>(FileInputStream.java:138)
	at java.io.FileInputStream.<init>(FileInputStream.java:93)
	at utilities.ReadExcel.<init>(ReadExcel.java:19)
	at driverFactroy.DataDrivenFramework.verifyLogin(DataDrivenFramework.java:35)
]]></failure>
  </testcase>
  <testcase name="primusbank" classname="driverFactroy.DriverScript" time="0">
    <failure message=".\TestInput\Controller.xlsx (The system cannot find the path specified)" type="java.io.FileNotFoundException"><![CDATA[java.io.FileNotFoundException: .\TestInput\Controller.xlsx (The system cannot find the path specified)
	at java.io.FileInputStream.open0(Native Method)
	at java.io.FileInputStream.open(FileInputStream.java:195)
	at java.io.FileInputStream.<init>(FileInputStream.java:138)
	at java.io.FileInputStream.<init>(FileInputStream.java:93)
	at utilities.ReadExcel.<init>(ReadExcel.java:19)
	at driverFactroy.DriverScript.primusbank(DriverScript.java:27)
]]></failure>
    <system-err><![CDATA[Starting ChromeDriver 2.46.628402 (536cd7adbad73a3783fdc2cab92ab2ba7ec361e1) on port 19747
Only local connections are allowed.
Please protect ports used by ChromeDriver and related test frameworks to prevent access by malicious code.
Sep 09, 2019 5:50:13 PM org.openqa.selenium.remote.ProtocolHandshake createSession
INFO: Detected dialect: OSS
]]></system-err>
  </testcase>
  <testcase name="VerifyLogin" classname="driverFactroy.dataProvider" time="6.882"/>
  <testcase name="VerifyLogin" classname="driverFactroy.dataProvider" time="2.732"/>
  <testcase name="VerifyLogin" classname="driverFactroy.dataProvider" time="2.408"/>
  <testcase name="VerifyLogin" classname="driverFactroy.dataProvider" time="3.176"/>
  <testcase name="VerifyLogin" classname="driverFactroy.dataProvider" time="3.128"/>
</testsuite>